<?xml version="1.0" encoding="UTF-8"?>
<testng-results ignored="0" total="1" passed="1" failed="0" skipped="0">
  <reporter-output>
    <line>
      <![CDATA[welcome to github]]>
    </line>
  </reporter-output>
  <suite started-at="2023-04-28T08:33:54 IST" name="Default suite" finished-at="2023-04-28T08:33:54 IST" duration-ms="97">
    <groups>
    </groups>
    <test started-at="2023-04-28T08:33:54 IST" name="Default test" finished-at="2023-04-28T08:33:54 IST" duration-ms="97">
      <class name="com.zoho.testscript.DemoRepository">
        <test-method signature="Repository()[pri:0, instance:com.zoho.testscript.DemoRepository@6fe7aac8]" started-at="2023-04-28T08:33:54 IST" name="Repository" finished-at="2023-04-28T08:33:54 IST" duration-ms="17" status="PASS">
          <reporter-output>
            <line>
              <![CDATA[welcome to github]]>
            </line>
          </reporter-output>
        </test-method> <!-- Repository -->
      </class> <!-- com.zoho.testscript.DemoRepository -->
    </test> <!-- Default test -->
  </suite> <!-- Default suite -->
</testng-results>
